生成启动时间为 2014/3/20 14:58:30。
     1>项目“C:\Users\liwei\Desktop\samjjx\code\lab2_sam\lab2_sam\lab2_sam.vcxproj”在节点 2 上(build 个目标)。
     1>InitializeBuildStatus:
         正在创建“Debug\lab2_sam.unsuccessfulbuild”，因为已指定“AlwaysCreate”。
       ClCompile:
         所有输出均为最新。
         D:\Program Files\Microsoft Visual Studio 10.0\VC\bin\CL.exe /c /ZI /nologo /W3 /WX- /Od /Oy- /D WIN32 /D _DEBUG /D _CONSOLE /D _UNICODE /D UNICODE /Gm /EHsc /RTC1 /MDd /GS /fp:precise /Zc:wchar_t /Zc:forScope /Yu"StdAfx.h" /Fp"Debug\lab2_sam.pch" /Fo"Debug\\" /Fd"Debug\vc100.pdb" /Gd /TP /analyze- /errorReport:prompt lab2_sam.cpp
         lab2_sam.cpp
     1>c:\users\liwei\desktop\samjjx\code\lab2_sam\lab2_sam\lab2_sam.cpp(54): warning C4996: 'fopen': This function or variable may be unsafe. Consider using fopen_s instead. To disable deprecation, use _CRT_SECURE_NO_WARNINGS. See online help for details.
                 d:\program files\microsoft visual studio 10.0\vc\include\stdio.h(234) : 参见“fopen”的声明
     1>c:\users\liwei\desktop\samjjx\code\lab2_sam\lab2_sam\lab2_sam.cpp(70): warning C4996: 'sscanf': This function or variable may be unsafe. Consider using sscanf_s instead. To disable deprecation, use _CRT_SECURE_NO_WARNINGS. See online help for details.
                 d:\program files\microsoft visual studio 10.0\vc\include\stdio.h(325) : 参见“sscanf”的声明
     1>c:\users\liwei\desktop\samjjx\code\lab2_sam\lab2_sam\lab2_sam.cpp(75): warning C4996: 'sscanf': This function or variable may be unsafe. Consider using sscanf_s instead. To disable deprecation, use _CRT_SECURE_NO_WARNINGS. See online help for details.
                 d:\program files\microsoft visual studio 10.0\vc\include\stdio.h(325) : 参见“sscanf”的声明
     1>c:\users\liwei\desktop\samjjx\code\lab2_sam\lab2_sam\lab2_sam.cpp(81): warning C4996: 'sscanf': This function or variable may be unsafe. Consider using sscanf_s instead. To disable deprecation, use _CRT_SECURE_NO_WARNINGS. See online help for details.
                 d:\program files\microsoft visual studio 10.0\vc\include\stdio.h(325) : 参见“sscanf”的声明
     1>c:\users\liwei\desktop\samjjx\code\lab2_sam\lab2_sam\lab2_sam.cpp(80): warning C4101: “temp”: 未引用的局部变量
     1>c:\users\liwei\desktop\samjjx\code\lab2_sam\lab2_sam\lab2_sam.cpp(129): warning C4305: “*=”: 从“double”到“float”截断
     1>c:\users\liwei\desktop\samjjx\code\lab2_sam\lab2_sam\lab2_sam.cpp(86): warning C4715: “readoff”: 不是所有的控件路径都返回值
       Link:
         D:\Program Files\Microsoft Visual Studio 10.0\VC\bin\link.exe /ERRORREPORT:PROMPT /OUT:"C:\Users\liwei\Desktop\samjjx\code\lab2_sam\Debug\lab2_sam.exe" /INCREMENTAL /NOLOGO opengl32.lib glu32.lib glut32.lib kernel32.lib user32.lib gdi32.lib winspool.lib comdlg32.lib advapi32.lib shell32.lib ole32.lib oleaut32.lib uuid.lib odbc32.lib odbccp32.lib /MANIFEST /ManifestFile:"Debug\lab2_sam.exe.intermediate.manifest" /MANIFESTUAC:"level='asInvoker' uiAccess='false'" /DEBUG /PDB:"C:\Users\liwei\Desktop\samjjx\code\lab2_sam\Debug\lab2_sam.pdb" /SUBSYSTEM:CONSOLE /TLBID:1 /DYNAMICBASE /NXCOMPAT /IMPLIB:"C:\Users\liwei\Desktop\samjjx\code\lab2_sam\Debug\lab2_sam.lib" /MACHINE:X86 Debug\lab2_sam.obj
         Debug\stdafx.obj
         lab2_sam.vcxproj -> C:\Users\liwei\Desktop\samjjx\code\lab2_sam\Debug\lab2_sam.exe
       Manifest:
         C:\Program Files\Microsoft SDKs\Windows\v7.0A\bin\mt.exe /nologo /verbose /out:"C:\Users\liwei\Desktop\samjjx\code\lab2_sam\Debug\lab2_sam.exe.manifest" /manifest Debug\lab2_sam.exe.intermediate.manifest
       FinalizeBuildStatus:
         正在删除文件“Debug\lab2_sam.unsuccessfulbuild”。
         正在对“Debug\lab2_sam.lastbuildstate”执行 Touch 任务。
     1>已完成生成项目“C:\Users\liwei\Desktop\samjjx\code\lab2_sam\lab2_sam\lab2_sam.vcxproj”(build 个目标)的操作。

生成成功。

已用时间 00:00:02.90
