C:\Users\liwei\Desktop\samjjx\code\lab2_sam\Debug\lab2_sam.pdb
C:\Users\liwei\Desktop\samjjx\code\lab2_sam\lab2_sam\Debug\cl.command.1.tlog
C:\Users\liwei\Desktop\samjjx\code\lab2_sam\lab2_sam\Debug\CL.read.1.tlog
C:\Users\liwei\Desktop\samjjx\code\lab2_sam\lab2_sam\Debug\CL.write.1.tlog
C:\Users\liwei\Desktop\samjjx\code\lab2_sam\lab2_sam\Debug\lab2_sam.exe.embed.manifest
C:\USERS\LIWEI\DESKTOP\SAMJJX\CODE\LAB2_SAM\LAB2_SAM\DEBUG\LAB2_SAM.EXE.EMBED.MANIFEST.RES
C:\Users\liwei\Desktop\samjjx\code\lab2_sam\lab2_sam\Debug\lab2_sam.exe.intermediate.manifest
C:\USERS\LIWEI\DESKTOP\SAMJJX\CODE\LAB2_SAM\LAB2_SAM\DEBUG\LAB2_SAM.OBJ
C:\USERS\LIWEI\DESKTOP\SAMJJX\CODE\LAB2_SAM\LAB2_SAM\DEBUG\LAB2_SAM.PCH
C:\Users\liwei\Desktop\samjjx\code\lab2_sam\lab2_sam\Debug\lab2_sam.vcxprojResolveAssemblyReference.cache
C:\Users\liwei\Desktop\samjjx\code\lab2_sam\lab2_sam\Debug\lab2_sam.write.1.tlog
C:\Users\liwei\Desktop\samjjx\code\lab2_sam\lab2_sam\Debug\lab2_sam_manifest.rc
C:\Users\liwei\Desktop\samjjx\code\lab2_sam\lab2_sam\Debug\link.command.1.tlog
C:\Users\liwei\Desktop\samjjx\code\lab2_sam\lab2_sam\Debug\link.read.1.tlog
C:\Users\liwei\Desktop\samjjx\code\lab2_sam\lab2_sam\Debug\link.write.1.tlog
C:\Users\liwei\Desktop\samjjx\code\lab2_sam\lab2_sam\Debug\rc.command.1.tlog
C:\Users\liwei\Desktop\samjjx\code\lab2_sam\lab2_sam\Debug\rc.read.1.tlog
C:\Users\liwei\Desktop\samjjx\code\lab2_sam\lab2_sam\Debug\rc.write.1.tlog
C:\USERS\LIWEI\DESKTOP\SAMJJX\CODE\LAB2_SAM\LAB2_SAM\DEBUG\STDAFX.OBJ
C:\Users\liwei\Desktop\samjjx\code\lab2_sam\lab2_sam\Debug\vc100.idb
C:\USERS\LIWEI\DESKTOP\SAMJJX\CODE\LAB2_SAM\LAB2_SAM\DEBUG\VC100.PDB
